<?xml version="1.0" encoding="UTF-8"?>
<!-- Generated by org.testng.reporters.JUnitXMLReporter -->
<testsuite ignored="0" hostname="fv-az740-937" failures="0" tests="60" name="API Test" time="21.789" errors="0" timestamp="2024-06-01T19:42:03 UTC">
  <testcase classname="com.example.teamcity.api.BuildConfigurationTest" name="createBuildConfigRequestWithCommandLineStepsShouldPass" time="3.177"/>
  <testcase classname="com.example.teamcity.api.BuildConfigurationTest" name="createBuildConfigRequestWithCorrectIdShouldPass" time="0.142"/>
  <testcase classname="com.example.teamcity.api.BuildConfigurationTest" name="createBuildConfigRequestWithCorrectIdShouldPass" time="0.144"/>
  <testcase classname="com.example.teamcity.api.BuildConfigurationTest" name="createBuildConfigRequestWithCorrectIdShouldPass" time="0.103"/>
  <testcase classname="com.example.teamcity.api.BuildConfigurationTest" name="createBuildConfigRequestWithCorrectIdShouldPass" time="0.108"/>
  <testcase classname="com.example.teamcity.api.BuildConfigurationTest" name="createBuildConfigRequestWithCorrectNameShouldPass" time="0.149"/>
  <testcase classname="com.example.teamcity.api.BuildConfigurationTest" name="createBuildConfigRequestWithCorrectNameShouldPass" time="0.108"/>
  <testcase classname="com.example.teamcity.api.BuildConfigurationTest" name="createBuildConfigRequestWithCorrectNameShouldPass" time="0.109"/>
  <testcase classname="com.example.teamcity.api.BuildConfigurationTest" name="createBuildConfigRequestWithCorrectNameShouldPass" time="0.088"/>
  <testcase classname="com.example.teamcity.api.BuildConfigurationTest" name="createBuildConfigRequestWithCorrectNameShouldPass" time="0.086"/>
  <testcase classname="com.example.teamcity.api.BuildConfigurationTest" name="createBuildConfigRequestWithCorrectNameShouldPass" time="0.077"/>
  <testcase classname="com.example.teamcity.api.BuildConfigurationTest" name="createBuildConfigRequestWithCorrectNameShouldPass" time="0.586"/>
  <testcase classname="com.example.teamcity.api.BuildConfigurationTest" name="createBuildConfigRequestWithCorrectNameShouldPass" time="0.086"/>
  <testcase classname="com.example.teamcity.api.BuildConfigurationTest" name="createBuildConfigRequestWithExistedIdInDifferentProjectShouldFail" time="0.621"/>
  <testcase classname="com.example.teamcity.api.BuildConfigurationTest" name="createBuildConfigRequestWithExistedIdInSameProjectShouldFail" time="0.15"/>
  <testcase classname="com.example.teamcity.api.BuildConfigurationTest" name="createBuildConfigRequestWithExistedNameInOtherProjectShouldPass" time="0.241"/>
  <testcase classname="com.example.teamcity.api.BuildConfigurationTest" name="createBuildConfigRequestWithExistedNameInSameProjectShouldFail" time="0.078"/>
  <testcase classname="com.example.teamcity.api.BuildConfigurationTest" name="createBuildConfigRequestWithIncorrectIdShouldFail" time="0.062"/>
  <testcase classname="com.example.teamcity.api.BuildConfigurationTest" name="createBuildConfigRequestWithIncorrectIdShouldFail" time="0.048"/>
  <testcase classname="com.example.teamcity.api.BuildConfigurationTest" name="createBuildConfigRequestWithIncorrectIdShouldFail" time="0.082"/>
  <testcase classname="com.example.teamcity.api.BuildConfigurationTest" name="createBuildConfigRequestWithIncorrectIdShouldFail" time="0.035"/>
  <testcase classname="com.example.teamcity.api.BuildConfigurationTest" name="createBuildConfigRequestWithIncorrectIdShouldFail" time="0.031"/>
  <testcase classname="com.example.teamcity.api.BuildConfigurationTest" name="createBuildConfigRequestWithIncorrectIdShouldFail" time="0.03"/>
  <testcase classname="com.example.teamcity.api.BuildConfigurationTest" name="createBuildConfigRequestWithNonExistedProjectShouldFail" time="0.034"/>
  <testcase classname="com.example.teamcity.api.BuildConfigurationTest" name="createBuildConfigRequestWithPowerShellStepsShouldPass" time="0.061"/>
  <testcase classname="com.example.teamcity.api.BuildConfigurationTest" name="createBuildConfigRequestWithTwoStepsShouldPass" time="0.067"/>
  <testcase classname="com.example.teamcity.api.BuildConfigurationTest" name="createBuildConfigRequestWithoutIdShouldPass" time="0.088"/>
  <testcase classname="com.example.teamcity.api.BuildConfigurationTest" name="createBuildConfigRequestWithoutNameShouldFail" time="0.031"/>
  <testcase classname="com.example.teamcity.api.BuildConfigurationTest" name="createBuildConfigRequestWithoutStepsShouldPass" time="0.517"/>
  <testcase classname="com.example.teamcity.api.CreateProjectTest" name="createProjectRequestWithCopyAllAssociatedSettingsFieldFalseShouldPass" time="0.045"/>
  <testcase classname="com.example.teamcity.api.CreateProjectTest" name="createProjectRequestWithCorrectIdShouldPass" time="0.073"/>
  <testcase classname="com.example.teamcity.api.CreateProjectTest" name="createProjectRequestWithCorrectIdShouldPass" time="0.069"/>
  <testcase classname="com.example.teamcity.api.CreateProjectTest" name="createProjectRequestWithCorrectIdShouldPass" time="0.061"/>
  <testcase classname="com.example.teamcity.api.CreateProjectTest" name="createProjectRequestWithCorrectIdShouldPass" time="0.071"/>
  <testcase classname="com.example.teamcity.api.CreateProjectTest" name="createProjectRequestWithCorrectNameShouldPass" time="0.049"/>
  <testcase classname="com.example.teamcity.api.CreateProjectTest" name="createProjectRequestWithCorrectNameShouldPass" time="0.049"/>
  <testcase classname="com.example.teamcity.api.CreateProjectTest" name="createProjectRequestWithCorrectNameShouldPass" time="0.047"/>
  <testcase classname="com.example.teamcity.api.CreateProjectTest" name="createProjectRequestWithCorrectNameShouldPass" time="0.066"/>
  <testcase classname="com.example.teamcity.api.CreateProjectTest" name="createProjectRequestWithCorrectNameShouldPass" time="0.052"/>
  <testcase classname="com.example.teamcity.api.CreateProjectTest" name="createProjectRequestWithCorrectNameShouldPass" time="0.057"/>
  <testcase classname="com.example.teamcity.api.CreateProjectTest" name="createProjectRequestWithCorrectNameShouldPass" time="0.049"/>
  <testcase classname="com.example.teamcity.api.CreateProjectTest" name="createProjectRequestWithEmptyNameShouldFail" time="0.033"/>
  <testcase classname="com.example.teamcity.api.CreateProjectTest" name="createProjectRequestWithExistedIdShouldFail" time="0.089"/>
  <testcase classname="com.example.teamcity.api.CreateProjectTest" name="createProjectRequestWithExistedNameShouldFail" time="0.07"/>
  <testcase classname="com.example.teamcity.api.CreateProjectTest" name="createProjectRequestWithIncorrectIdShouldFail" time="0.03"/>
  <testcase classname="com.example.teamcity.api.CreateProjectTest" name="createProjectRequestWithIncorrectIdShouldFail" time="0.05"/>
  <testcase classname="com.example.teamcity.api.CreateProjectTest" name="createProjectRequestWithIncorrectIdShouldFail" time="0.023"/>
  <testcase classname="com.example.teamcity.api.CreateProjectTest" name="createProjectRequestWithIncorrectIdShouldFail" time="0.029"/>
  <testcase classname="com.example.teamcity.api.CreateProjectTest" name="createProjectRequestWithIncorrectIdShouldFail" time="0.023"/>
  <testcase classname="com.example.teamcity.api.CreateProjectTest" name="createProjectRequestWithIncorrectIdShouldFail" time="0.033"/>
  <testcase classname="com.example.teamcity.api.CreateProjectTest" name="createProjectRequestWithNonExistedProjectParentShouldFail" time="0.024"/>
  <testcase classname="com.example.teamcity.api.CreateProjectTest" name="createProjectRequestWithOtherProjectParentIdInLocatorShouldPass" time="0.128"/>
  <testcase classname="com.example.teamcity.api.CreateProjectTest" name="createProjectRequestWithProjectParentNameInLocatorShouldPass" time="0.093"/>
  <testcase classname="com.example.teamcity.api.CreateProjectTest" name="createProjectRequestWithRootProjectParentIdInLocatorShouldPass" time="0.044"/>
  <testcase classname="com.example.teamcity.api.CreateProjectTest" name="createProjectRequestWithoutIdShouldPass" time="0.113"/>
  <testcase classname="com.example.teamcity.api.CreateProjectTest" name="createProjectRequestWithoutNameShouldFail" time="0.019"/>
  <testcase classname="com.example.teamcity.api.RolesTest" name="projectAdminShouldHaveRightsToCreateBuildConfigToHisProject" time="0.6"/>
  <testcase classname="com.example.teamcity.api.RolesTest" name="projectAdminShouldNotHaveRightsToCreateBuildConfigToAnotherProject" time="0.317"/>
  <testcase classname="com.example.teamcity.api.RolesTest" name="systemAdminShouldHaveRightsToCreateProject" time="0.128"/>
  <testcase classname="com.example.teamcity.api.RolesTest" name="unauthorizedUserShouldNotHaveRightToCreateProject" time="0.049"/>
</testsuite> <!-- API Test -->
